Determining if the pthread_create exist failed with the following output:
Change Dir: /home/kelly/projects/cpp/initial/CMakeFiles/CMakeTmp

Run Build Command:"/usr/bin/make" "cmTC_aa41f/fast"
/usr/bin/make -f CMakeFiles/cmTC_aa41f.dir/build.make CMakeFiles/cmTC_aa41f.dir/build
make[1]: Entering directory '/home/kelly/projects/cpp/initial/CMakeFiles/CMakeTmp'
Building C object CMakeFiles/cmTC_aa41f.dir/CheckSymbolExists.c.o
/usr/bin/cc    -o CMakeFiles/cmTC_aa41f.dir/CheckSymbolExists.c.o   -c /home/kelly/projects/cpp/initial/CMakeFiles/CMakeTmp/CheckSymbolExists.c
Linking C executable cmTC_aa41f
/usr/bin/cmake -E cmake_link_script CMakeFiles/cmTC_aa41f.dir/link.txt --verbose=1
/usr/bin/cc      -rdynamic CMakeFiles/cmTC_aa41f.dir/CheckSymbolExists.c.o  -o cmTC_aa41f 
CMakeFiles/cmTC_aa41f.dir/CheckSymbolExists.c.o: In function `main':
CheckSymbolExists.c:(.text+0x1b): undefined reference to `pthread_create'
collect2: error: ld returned 1 exit status
CMakeFiles/cmTC_aa41f.dir/build.make:97: recipe for target 'cmTC_aa41f' failed
make[1]: *** [cmTC_aa41f] Error 1
make[1]: Leaving directory '/home/kelly/projects/cpp/initial/CMakeFiles/CMakeTmp'
Makefile:126: recipe for target 'cmTC_aa41f/fast' failed
make: *** [cmTC_aa41f/fast] Error 2

File /home/kelly/projects/cpp/initial/CMakeFiles/CMakeTmp/CheckSymbolExists.c:
/* */
#include <pthread.h>

int main(int argc, char** argv)
{
  (void)argv;
#ifndef pthread_create
  return ((int*)(&pthread_create))[argc];
#else
  (void)argc;
  return 0;
#endif
}

Determining if the function pthread_create exists in the pthreads failed with the following output:
Change Dir: /home/kelly/projects/cpp/initial/CMakeFiles/CMakeTmp

Run Build Command:"/usr/bin/make" "cmTC_e8e31/fast"
/usr/bin/make -f CMakeFiles/cmTC_e8e31.dir/build.make CMakeFiles/cmTC_e8e31.dir/build
make[1]: Entering directory '/home/kelly/projects/cpp/initial/CMakeFiles/CMakeTmp'
Building C object CMakeFiles/cmTC_e8e31.dir/CheckFunctionExists.c.o
/usr/bin/cc   -DCHECK_FUNCTION_EXISTS=pthread_create   -o CMakeFiles/cmTC_e8e31.dir/CheckFunctionExists.c.o   -c /usr/share/cmake-3.10/Modules/CheckFunctionExists.c
Linking C executable cmTC_e8e31
/usr/bin/cmake -E cmake_link_script CMakeFiles/cmTC_e8e31.dir/link.txt --verbose=1
/usr/bin/cc  -DCHECK_FUNCTION_EXISTS=pthread_create    -rdynamic CMakeFiles/cmTC_e8e31.dir/CheckFunctionExists.c.o  -o cmTC_e8e31 -lpthreads 
/usr/bin/ld: cannot find -lpthreads
collect2: error: ld returned 1 exit status
CMakeFiles/cmTC_e8e31.dir/build.make:97: recipe for target 'cmTC_e8e31' failed
make[1]: *** [cmTC_e8e31] Error 1
make[1]: Leaving directory '/home/kelly/projects/cpp/initial/CMakeFiles/CMakeTmp'
Makefile:126: recipe for target 'cmTC_e8e31/fast' failed
make: *** [cmTC_e8e31/fast] Error 2


Determining if the pthread_create exist failed with the following output:
Change Dir: /home/kelly/projects/cpp/initial/CMakeFiles/CMakeTmp

Run Build Command:"/usr/bin/make" "cmTC_21d96/fast"
/usr/bin/make -f CMakeFiles/cmTC_21d96.dir/build.make CMakeFiles/cmTC_21d96.dir/build
make[1]: Entering directory '/home/kelly/projects/cpp/initial/CMakeFiles/CMakeTmp'
Building C object CMakeFiles/cmTC_21d96.dir/CheckSymbolExists.c.o
/usr/bin/cc    -o CMakeFiles/cmTC_21d96.dir/CheckSymbolExists.c.o   -c /home/kelly/projects/cpp/initial/CMakeFiles/CMakeTmp/CheckSymbolExists.c
Linking C executable cmTC_21d96
/usr/bin/cmake -E cmake_link_script CMakeFiles/cmTC_21d96.dir/link.txt --verbose=1
/usr/bin/cc      CMakeFiles/cmTC_21d96.dir/CheckSymbolExists.c.o  -o cmTC_21d96 
CMakeFiles/cmTC_21d96.dir/CheckSymbolExists.c.o: In function `main':
CheckSymbolExists.c:(.text+0x1b): undefined reference to `pthread_create'
collect2: error: ld returned 1 exit status
CMakeFiles/cmTC_21d96.dir/build.make:97: recipe for target 'cmTC_21d96' failed
make[1]: *** [cmTC_21d96] Error 1
make[1]: Leaving directory '/home/kelly/projects/cpp/initial/CMakeFiles/CMakeTmp'
Makefile:126: recipe for target 'cmTC_21d96/fast' failed
make: *** [cmTC_21d96/fast] Error 2

File /home/kelly/projects/cpp/initial/CMakeFiles/CMakeTmp/CheckSymbolExists.c:
/* */
#include <pthread.h>

int main(int argc, char** argv)
{
  (void)argv;
#ifndef pthread_create
  return ((int*)(&pthread_create))[argc];
#else
  (void)argc;
  return 0;
#endif
}

Determining if the function pthread_create exists in the pthreads failed with the following output:
Change Dir: /home/kelly/projects/cpp/initial/CMakeFiles/CMakeTmp

Run Build Command:"/usr/bin/make" "cmTC_a72b3/fast"
/usr/bin/make -f CMakeFiles/cmTC_a72b3.dir/build.make CMakeFiles/cmTC_a72b3.dir/build
make[1]: Entering directory '/home/kelly/projects/cpp/initial/CMakeFiles/CMakeTmp'
Building C object CMakeFiles/cmTC_a72b3.dir/CheckFunctionExists.c.o
/usr/bin/cc   -DCHECK_FUNCTION_EXISTS=pthread_create   -o CMakeFiles/cmTC_a72b3.dir/CheckFunctionExists.c.o   -c /usr/share/cmake-3.10/Modules/CheckFunctionExists.c
Linking C executable cmTC_a72b3
/usr/bin/cmake -E cmake_link_script CMakeFiles/cmTC_a72b3.dir/link.txt --verbose=1
/usr/bin/cc  -DCHECK_FUNCTION_EXISTS=pthread_create    CMakeFiles/cmTC_a72b3.dir/CheckFunctionExists.c.o  -o cmTC_a72b3 -lpthreads 
/usr/bin/ld: cannot find -lpthreads
collect2: error: ld returned 1 exit status
CMakeFiles/cmTC_a72b3.dir/build.make:97: recipe for target 'cmTC_a72b3' failed
make[1]: *** [cmTC_a72b3] Error 1
make[1]: Leaving directory '/home/kelly/projects/cpp/initial/CMakeFiles/CMakeTmp'
Makefile:126: recipe for target 'cmTC_a72b3/fast' failed
make: *** [cmTC_a72b3/fast] Error 2


